<?xml version="1.0" encoding="UTF-8"?>
<coverage generated="1640396756154" clover="3.2.0">
  <project timestamp="1640396756154" name="All files">
    <metrics statements="50" coveredstatements="41" conditionals="10" coveredconditionals="7" methods="38" coveredmethods="28" elements="98" coveredelements="76" complexity="0" loc="50" ncloc="50" packages="1" files="2" classes="2"/>
    <file name="todoLS.js" path="/Users/trentcooper/launch-school-ToDoList/todoLS.js">
      <metrics statements="11" coveredstatements="10" conditionals="2" coveredconditionals="2" methods="6" coveredmethods="5"/>
      <line num="2" count="1" type="stmt"/>
      <line num="3" count="1" type="stmt"/>
      <line num="6" count="48" type="stmt"/>
      <line num="7" count="48" type="stmt"/>
      <line num="11" count="9" type="cond" truecount="2" falsecount="0"/>
      <line num="12" count="9" type="stmt"/>
      <line num="16" count="15" type="stmt"/>
      <line num="20" count="2" type="stmt"/>
      <line num="24" count="25" type="stmt"/>
      <line num="28" count="0" type="stmt"/>
      <line num="32" count="1" type="stmt"/>
    </file>
    <file name="todolistLS.js" path="/Users/trentcooper/launch-school-ToDoList/todolistLS.js">
      <metrics statements="39" coveredstatements="31" conditionals="8" coveredconditionals="5" methods="32" coveredmethods="23"/>
      <line num="1" count="1" type="stmt"/>
      <line num="5" count="17" type="stmt"/>
      <line num="6" count="17" type="stmt"/>
      <line num="10" count="49" type="cond" truecount="1" falsecount="1"/>
      <line num="11" count="0" type="stmt"/>
      <line num="14" count="49" type="stmt"/>
      <line num="18" count="2" type="stmt"/>
      <line num="22" count="2" type="stmt"/>
      <line num="26" count="1" type="stmt"/>
      <line num="30" count="10" type="stmt"/>
      <line num="31" count="4" type="stmt"/>
      <line num="35" count="6" type="stmt"/>
      <line num="39" count="1" type="stmt"/>
      <line num="43" count="7" type="stmt"/>
      <line num="47" count="1" type="stmt"/>
      <line num="51" count="1" type="stmt"/>
      <line num="55" count="3" type="stmt"/>
      <line num="56" count="1" type="stmt"/>
      <line num="60" count="3" type="stmt"/>
      <line num="61" count="9" type="stmt"/>
      <line num="62" count="3" type="stmt"/>
      <line num="66" count="15" type="stmt"/>
      <line num="70" count="1" type="stmt"/>
      <line num="71" count="1" type="stmt"/>
      <line num="72" count="3" type="cond" truecount="2" falsecount="0"/>
      <line num="73" count="1" type="stmt"/>
      <line num="77" count="1" type="stmt"/>
      <line num="81" count="0" type="stmt"/>
      <line num="85" count="0" type="stmt"/>
      <line num="89" count="0" type="stmt"/>
      <line num="93" count="0" type="stmt"/>
      <line num="94" count="0" type="cond" truecount="0" falsecount="2"/>
      <line num="95" count="0" type="stmt"/>
      <line num="100" count="9" type="stmt"/>
      <line num="104" count="0" type="stmt"/>
      <line num="108" count="4" type="stmt"/>
      <line num="112" count="13" type="cond" truecount="2" falsecount="0"/>
      <line num="113" count="8" type="stmt"/>
      <line num="118" count="1" type="stmt"/>
    </file>
  </project>
</coverage>
